

Started GET "/" for ::1 at 2016-04-09 12:11:08 -0700
Processing by PoposController#welcome as HTML
  Rendered popos/welcome.html.erb within layouts/application (1.6ms)
Completed 200 OK in 1339ms (Views: 1328.2ms | ActiveRecord: 0.0ms)


Started GET "/assets/material.min.self-48675a6149a471ebee3c066875554d472fb96fd34bf2661829c0eeece7287e7d.css?body=1" for ::1 at 2016-04-09 12:11:10 -0700


Started GET "/" for ::1 at 2016-04-09 12:37:30 -0700
Processing by PoposController#welcome as HTML
  Rendered popos/welcome.html.erb within layouts/application (1.7ms)
Completed 200 OK in 414ms (Views: 403.2ms | ActiveRecord: 0.0ms)


Started GET "/assets/material.min.self-b745967604801584948b6bb8a81fb75eadf3b8c11e85b7813106420728c1bcce.js?body=1" for ::1 at 2016-04-09 12:37:31 -0700


Started GET "/" for ::1 at 2016-04-09 12:37:50 -0700
Processing by PoposController#welcome as HTML
  Rendered popos/welcome.html.erb within layouts/application (0.5ms)
Completed 200 OK in 18ms (Views: 17.3ms | ActiveRecord: 0.0ms)


Started GET "/assets/material.min.self-48675a6149a471ebee3c066875554d472fb96fd34bf2661829c0eeece7287e7d.css?body=1" for ::1 at 2016-04-09 12:37:50 -0700


Started GET "/assets/application.self-e80e8f2318043e8af94dddc2adad5a4f09739a8ebb323b3ab31cd71d45fd9113.css?body=1" for ::1 at 2016-04-09 12:37:50 -0700


Started GET "/assets/jquery.self-660adc51e0224b731d29f575a6f1ec167ba08ad06ed5deca4f1e8654c135bf4c.js?body=1" for ::1 at 2016-04-09 12:37:50 -0700


Started GET "/assets/jquery_ujs.self-e87806d0cf4489aeb1bb7288016024e8de67fd18db693fe026fe3907581e53cd.js?body=1" for ::1 at 2016-04-09 12:37:50 -0700


Started GET "/assets/turbolinks.self-c37727e9bd6b2735da5c311aa83fead54ed0be6cc8bd9a65309e9c5abe2cbfff.js?body=1" for ::1 at 2016-04-09 12:37:50 -0700


Started GET "/assets/material.min.self-b745967604801584948b6bb8a81fb75eadf3b8c11e85b7813106420728c1bcce.js?body=1" for ::1 at 2016-04-09 12:37:50 -0700


Started GET "/assets/application.self-3b8dabdc891efe46b9a144b400ad69e37d7e5876bdc39dee783419a69d7ca819.js?body=1" for ::1 at 2016-04-09 12:37:50 -0700


Started GET "/" for ::1 at 2016-04-09 12:38:32 -0700
Processing by PoposController#welcome as HTML
  Rendered popos/welcome.html.erb within layouts/application (0.4ms)
Completed 200 OK in 36ms (Views: 35.5ms | ActiveRecord: 0.0ms)


Started GET "/assets/material.min.self-48675a6149a471ebee3c066875554d472fb96fd34bf2661829c0eeece7287e7d.css?body=1" for ::1 at 2016-04-09 12:38:32 -0700


Started GET "/assets/jquery.self-660adc51e0224b731d29f575a6f1ec167ba08ad06ed5deca4f1e8654c135bf4c.js?body=1" for ::1 at 2016-04-09 12:38:32 -0700


Started GET "/assets/application.self-e80e8f2318043e8af94dddc2adad5a4f09739a8ebb323b3ab31cd71d45fd9113.css?body=1" for ::1 at 2016-04-09 12:38:32 -0700


Started GET "/assets/jquery_ujs.self-e87806d0cf4489aeb1bb7288016024e8de67fd18db693fe026fe3907581e53cd.js?body=1" for ::1 at 2016-04-09 12:38:32 -0700


Started GET "/assets/turbolinks.self-c37727e9bd6b2735da5c311aa83fead54ed0be6cc8bd9a65309e9c5abe2cbfff.js?body=1" for ::1 at 2016-04-09 12:38:32 -0700


Started GET "/assets/material.min.self-b745967604801584948b6bb8a81fb75eadf3b8c11e85b7813106420728c1bcce.js?body=1" for ::1 at 2016-04-09 12:38:32 -0700


Started GET "/assets/application.self-3b8dabdc891efe46b9a144b400ad69e37d7e5876bdc39dee783419a69d7ca819.js?body=1" for ::1 at 2016-04-09 12:38:32 -0700


Started GET "/" for ::1 at 2016-04-09 12:39:12 -0700
Processing by PoposController#welcome as HTML
  Rendered popos/welcome.html.erb within layouts/application (0.0ms)
Completed 200 OK in 116ms (Views: 115.3ms | ActiveRecord: 0.0ms)


Started GET "/assets/application.self-e80e8f2318043e8af94dddc2adad5a4f09739a8ebb323b3ab31cd71d45fd9113.css?body=1" for ::1 at 2016-04-09 12:39:12 -0700


Started GET "/assets/material.min.self-48675a6149a471ebee3c066875554d472fb96fd34bf2661829c0eeece7287e7d.css?body=1" for ::1 at 2016-04-09 12:39:12 -0700


Started GET "/assets/jquery.self-660adc51e0224b731d29f575a6f1ec167ba08ad06ed5deca4f1e8654c135bf4c.js?body=1" for ::1 at 2016-04-09 12:39:12 -0700


Started GET "/assets/jquery_ujs.self-e87806d0cf4489aeb1bb7288016024e8de67fd18db693fe026fe3907581e53cd.js?body=1" for ::1 at 2016-04-09 12:39:12 -0700


Started GET "/assets/styles.self-fe6e7e1a56f7c18b5227769fb1d54e6512b1bedf9f93f611ef0c733776cfcf7b.css?body=1" for ::1 at 2016-04-09 12:39:12 -0700


Started GET "/assets/turbolinks.self-c37727e9bd6b2735da5c311aa83fead54ed0be6cc8bd9a65309e9c5abe2cbfff.js?body=1" for ::1 at 2016-04-09 12:39:12 -0700


Started GET "/assets/material.min.self-b745967604801584948b6bb8a81fb75eadf3b8c11e85b7813106420728c1bcce.js?body=1" for ::1 at 2016-04-09 12:39:12 -0700


Started GET "/assets/application.self-3b8dabdc891efe46b9a144b400ad69e37d7e5876bdc39dee783419a69d7ca819.js?body=1" for ::1 at 2016-04-09 12:39:12 -0700


Started GET "/" for ::1 at 2016-04-09 12:39:25 -0700
Processing by PoposController#welcome as HTML
  Rendered popos/welcome.html.erb within layouts/application (0.1ms)
Completed 200 OK in 43ms (Views: 42.5ms | ActiveRecord: 0.0ms)


Started GET "/assets/material.min.self-48675a6149a471ebee3c066875554d472fb96fd34bf2661829c0eeece7287e7d.css?body=1" for ::1 at 2016-04-09 12:39:25 -0700


Started GET "/assets/styles.self-4739b827f26418359116c2c64aca050695b3ba595a32bf912a582906e6c1b7cd.css?body=1" for ::1 at 2016-04-09 12:39:25 -0700


Started GET "/assets/turbolinks.self-c37727e9bd6b2735da5c311aa83fead54ed0be6cc8bd9a65309e9c5abe2cbfff.js?body=1" for ::1 at 2016-04-09 12:39:25 -0700


Started GET "/assets/jquery_ujs.self-e87806d0cf4489aeb1bb7288016024e8de67fd18db693fe026fe3907581e53cd.js?body=1" for ::1 at 2016-04-09 12:39:25 -0700


Started GET "/assets/jquery.self-660adc51e0224b731d29f575a6f1ec167ba08ad06ed5deca4f1e8654c135bf4c.js?body=1" for ::1 at 2016-04-09 12:39:25 -0700


Started GET "/assets/application.self-e80e8f2318043e8af94dddc2adad5a4f09739a8ebb323b3ab31cd71d45fd9113.css?body=1" for ::1 at 2016-04-09 12:39:25 -0700


Started GET "/assets/material.min.self-b745967604801584948b6bb8a81fb75eadf3b8c11e85b7813106420728c1bcce.js?body=1" for ::1 at 2016-04-09 12:39:25 -0700


Started GET "/assets/application.self-3b8dabdc891efe46b9a144b400ad69e37d7e5876bdc39dee783419a69d7ca819.js?body=1" for ::1 at 2016-04-09 12:39:25 -0700


Started GET "/" for ::1 at 2016-04-09 12:39:39 -0700
Processing by PoposController#welcome as HTML
  Rendered popos/welcome.html.erb within layouts/application (0.1ms)
Completed 200 OK in 23ms (Views: 22.2ms | ActiveRecord: 0.0ms)


Started GET "/assets/material.min.self-48675a6149a471ebee3c066875554d472fb96fd34bf2661829c0eeece7287e7d.css?body=1" for ::1 at 2016-04-09 12:39:39 -0700


Started GET "/assets/styles.self-4739b827f26418359116c2c64aca050695b3ba595a32bf912a582906e6c1b7cd.css?body=1" for ::1 at 2016-04-09 12:39:39 -0700


Started GET "/assets/jquery_ujs.self-e87806d0cf4489aeb1bb7288016024e8de67fd18db693fe026fe3907581e53cd.js?body=1" for ::1 at 2016-04-09 12:39:39 -0700


Started GET "/assets/jquery.self-660adc51e0224b731d29f575a6f1ec167ba08ad06ed5deca4f1e8654c135bf4c.js?body=1" for ::1 at 2016-04-09 12:39:39 -0700


Started GET "/assets/application.self-e80e8f2318043e8af94dddc2adad5a4f09739a8ebb323b3ab31cd71d45fd9113.css?body=1" for ::1 at 2016-04-09 12:39:39 -0700


Started GET "/assets/turbolinks.self-c37727e9bd6b2735da5c311aa83fead54ed0be6cc8bd9a65309e9c5abe2cbfff.js?body=1" for ::1 at 2016-04-09 12:39:39 -0700


Started GET "/assets/material.min.self-b745967604801584948b6bb8a81fb75eadf3b8c11e85b7813106420728c1bcce.js?body=1" for ::1 at 2016-04-09 12:39:39 -0700


Started GET "/assets/application.self-3b8dabdc891efe46b9a144b400ad69e37d7e5876bdc39dee783419a69d7ca819.js?body=1" for ::1 at 2016-04-09 12:39:39 -0700
